2025-09-27 19:51:00 | INFO | repo=pv243-a4m36jee-2018-security-seminar | action=commit
2025-03-05 18:50:00 | INFO | repo=pv243-a4m36jee-2018-security-seminar | action=commit
2025-08-27 18:09:00 | WARN | repo=pv243-a4m36jee-2018-security-seminar | action=commit
2025-11-27 21:56:00 | DEBUG | repo=pv243-a4m36jee-2018-security-seminar | action=commit
2025-08-11 18:06:00 | INFO | repo=pv243-a4m36jee-2018-security-seminar | action=commit
2025-09-01 07:32:00 | INFO | repo=pv243-a4m36jee-2018-security-seminar | action=commit
2025-01-07 20:55:00 | DEBUG | repo=pv243-a4m36jee-2018-security-seminar | action=commit
2025-10-01 07:18:00 | DEBUG | repo=pv243-a4m36jee-2018-security-seminar | action=commit
2025-09-14 16:23:00 | WARN | repo=pv243-a4m36jee-2018-security-seminar | action=commit
2025-06-26 16:10:00 | DEBUG | repo=pv243-a4m36jee-2018-security-seminar | action=test | passed=true
2025-02-12 08:16:00 | DEBUG | repo=pv243-a4m36jee-2018-security-seminar | action=commit
2025-01-12 18:12:00 | DEBUG | repo=pv243-a4m36jee-2018-security-seminar | action=commit
2025-06-21 19:44:00 | INFO | repo=pv243-a4m36jee-2018-security-seminar | action=commit
2025-08-24 18:51:00 | INFO | repo=pv243-a4m36jee-2018-security-seminar | action=commit
2025-11-16 21:55:00 | WARN | repo=pv243-a4m36jee-2018-security-seminar | action=commit
2025-04-26 14:46:00 | INFO | repo=pv243-a4m36jee-2018-security-seminar | action=commit
2025-02-08 10:23:00 | WARN | repo=pv243-a4m36jee-2018-security-seminar | action=commit
2025-04-22 12:54:00 | INFO | repo=pv243-a4m36jee-2018-security-seminar | action=commit
2025-06-03 16:09:00 | WARN | repo=pv243-a4m36jee-2018-security-seminar | action=test | passed=true
2025-09-09 07:59:00 | WARN | repo=pv243-a4m36jee-2018-security-seminar | action=commit
2025-07-11 14:28:00 | INFO | repo=pv243-a4m36jee-2018-security-seminar | action=pull
2025-06-24 21:25:00 | INFO | repo=pv243-a4m36jee-2018-security-seminar | action=commit
2025-02-02 11:04:00 | DEBUG | repo=pv243-a4m36jee-2018-security-seminar | action=commit
2025-02-12 17:46:00 | WARN | repo=pv243-a4m36jee-2018-security-seminar | action=commit
2025-06-27 11:10:00 | WARN | repo=pv243-a4m36jee-2018-security-seminar | action=commit
2025-01-24 10:45:00 | INFO | repo=pv243-a4m36jee-2018-security-seminar | action=commit
2025-01-18 18:27:00 | INFO | repo=pv243-a4m36jee-2018-security-seminar | action=commit
